[03/Jan/2022:10:45:22] (I): WordPress Instance Info:
[03/Jan/2022:10:45:22] (I): Home URL : http://localhost/AnotherProject
[03/Jan/2022:10:45:22] (I): Site URL : http://localhost/AnotherProject
[03/Jan/2022:10:45:22] (I): WordPress Version : 5.8.2
[03/Jan/2022:10:45:22] (I): Onboarding Version : 1.1.20
[03/Jan/2022:10:45:22] (I): Multisite : No
[03/Jan/2022:10:45:22] (I): Server Info : Apache/2.4.51 (Win64) PHP/7.4.26
[03/Jan/2022:10:45:22] (I): PHP Version : 7.4.26
[03/Jan/2022:10:45:22] (I): HTTPS : No
[03/Jan/2022:10:45:22] (I): PHP Max Execution Time : 120
[03/Jan/2022:10:45:22] (I): PHP Max Input Vars : 2500
[03/Jan/2022:10:45:22] (I): Max Upload Size : 2097152
[03/Jan/2022:10:45:22] (I): Plugins:
[03/Jan/2022:10:45:22] (I): [PLUGIN] Classic Editor : v1.6.2 (WordPress Contributors)
[03/Jan/2022:10:45:22] (I): [PLUGIN] Elementor : v3.5.3 (Elementor.com)
[03/Jan/2022:10:45:22] (I): [PLUGIN] WPZOOM Instagram Widget : v1.9.4 (WPZOOM)
[03/Jan/2022:10:45:22] (I): [PLUGIN] One Click Demo Import : v3.0.2 (OCDI)
[03/Jan/2022:10:45:22] (I): [PLUGIN] Social Icons Widget &amp; Block by WPZOOM : v4.2.2 (WPZOOM)
[03/Jan/2022:10:45:22] (I): [PLUGIN] Templates Patterns Collection : v1.1.20 (ThemeIsle)
[03/Jan/2022:10:45:22] (I): [PLUGIN] Elementor Addons by WPZOOM : v1.1.9 (WPZOOM)
[03/Jan/2022:10:45:22] (P): Saving remote XML
[03/Jan/2022:10:45:22] (S): Saved remote XML at path C:\wamp64\www\AnotherProject/wp-content/uploads/themeisle-demo-import.xml.
[03/Jan/2022:10:45:22] (P): Starting content import...
[03/Jan/2022:10:45:22] (S): Import started.
[03/Jan/2022:10:45:22] (S): Parsing XML file.
[03/Jan/2022:10:45:22] (P): Starting parsing file:C:\wamp64\www\AnotherProject/wp-content/uploads/themeisle-demo-import.xml
[03/Jan/2022:10:45:22] (P): Using WXR_Parser_SimpleXML...
[03/Jan/2022:10:45:22] (S): Parsed XML
[03/Jan/2022:10:45:22] (P): Processing categories...
[03/Jan/2022:10:45:22] (S): Processed categories.
[03/Jan/2022:10:45:22] (P): Processing tags...
[03/Jan/2022:10:45:22] (S): No tags to process.
[03/Jan/2022:10:45:22] (P): Processing terms...
[03/Jan/2022:10:45:22] (W): Failed to import tcb_symbols_tax Footers
[03/Jan/2022:10:45:22] (E): Invalid taxonomy.
[03/Jan/2022:10:45:22] (W): Failed to import tcb_symbols_tax Headers
[03/Jan/2022:10:45:22] (E): Invalid taxonomy.
[03/Jan/2022:10:45:22] (S): Processed terms.
[03/Jan/2022:10:45:22] (P): Processing posts...
[03/Jan/2022:10:45:22] (P): Processing attachment: https://s33834.pcdn.co/web-agency-gb/wp-content/uploads/sites/422/2020/01/neve-webdesign-GB-01.png...
[03/Jan/2022:10:45:22] (P): Fetching attachment from url: https://s33834.pcdn.co/web-agency-gb/wp-content/uploads/sites/422/2020/01/neve-webdesign-GB-01.png...
[03/Jan/2022:10:45:23] (S): Fetched remote attachment.
[03/Jan/2022:10:45:23] (P): Inserting attachment...
[03/Jan/2022:10:45:23] (S): Attachment inserted
[03/Jan/2022:10:45:23] (S): Processed attachment.
[03/Jan/2022:10:45:23] (P): Processing attachment: https://s33834.pcdn.co/web-agency-gb/wp-content/uploads/sites/422/2020/01/neve-webdesign-GB-03.png...
[03/Jan/2022:10:45:23] (P): Fetching attachment from url: https://s33834.pcdn.co/web-agency-gb/wp-content/uploads/sites/422/2020/01/neve-webdesign-GB-03.png...
[03/Jan/2022:10:45:23] (S): Fetched remote attachment.
[03/Jan/2022:10:45:23] (P): Inserting attachment...
[03/Jan/2022:10:45:23] (S): Attachment inserted
[03/Jan/2022:10:45:23] (S): Processed attachment.
[03/Jan/2022:10:45:23] (P): Processing attachment: https://s33834.pcdn.co/web-agency-gb/wp-content/uploads/sites/422/2020/01/neve-webdesign-GB-04.png...
[03/Jan/2022:10:45:23] (P): Fetching attachment from url: https://s33834.pcdn.co/web-agency-gb/wp-content/uploads/sites/422/2020/01/neve-webdesign-GB-04.png...
[03/Jan/2022:10:45:23] (S): Fetched remote attachment.
[03/Jan/2022:10:45:23] (P): Inserting attachment...
[03/Jan/2022:10:45:23] (S): Attachment inserted
[03/Jan/2022:10:45:23] (S): Processed attachment.
[03/Jan/2022:10:45:23] (P): Processing attachment: https://s33834.pcdn.co/web-agency-gb/wp-content/uploads/sites/422/2020/01/neve-web-design-bg-08.jpg...
[03/Jan/2022:10:45:23] (P): Fetching attachment from url: https://s33834.pcdn.co/web-agency-gb/wp-content/uploads/sites/422/2020/01/neve-web-design-bg-08.jpg...
[03/Jan/2022:10:45:24] (S): Fetched remote attachment.
[03/Jan/2022:10:45:24] (P): Inserting attachment...
[03/Jan/2022:10:45:24] (S): Attachment inserted
[03/Jan/2022:10:45:24] (S): Processed attachment.
[03/Jan/2022:10:45:24] (P): Processing attachment: https://s33834.pcdn.co/web-agency-gb/wp-content/uploads/sites/422/2020/01/neve-web-design-bg-09.jpg...
[03/Jan/2022:10:45:24] (P): Fetching attachment from url: https://s33834.pcdn.co/web-agency-gb/wp-content/uploads/sites/422/2020/01/neve-web-design-bg-09.jpg...
[03/Jan/2022:10:45:24] (S): Fetched remote attachment.
[03/Jan/2022:10:45:24] (P): Inserting attachment...
[03/Jan/2022:10:45:24] (S): Attachment inserted
[03/Jan/2022:10:45:24] (S): Processed attachment.
[03/Jan/2022:10:45:24] (P): Processing attachment: https://s33834.pcdn.co/web-agency-gb/wp-content/uploads/sites/422/2020/01/neve-web-design-bg-10.jpg...
[03/Jan/2022:10:45:24] (P): Fetching attachment from url: https://s33834.pcdn.co/web-agency-gb/wp-content/uploads/sites/422/2020/01/neve-web-design-bg-10.jpg...
[03/Jan/2022:10:45:24] (S): Fetched remote attachment.
[03/Jan/2022:10:45:24] (P): Inserting attachment...
[03/Jan/2022:10:45:24] (S): Attachment inserted
[03/Jan/2022:10:45:24] (S): Processed attachment.
[03/Jan/2022:10:45:25] (P): Processing attachment: https://s33834.pcdn.co/web-agency-gb/wp-content/uploads/sites/422/2020/01/neve-web-design-bg-11.jpg...
[03/Jan/2022:10:45:25] (P): Fetching attachment from url: https://s33834.pcdn.co/web-agency-gb/wp-content/uploads/sites/422/2020/01/neve-web-design-bg-11.jpg...
[03/Jan/2022:10:45:25] (S): Fetched remote attachment.
[03/Jan/2022:10:45:25] (P): Inserting attachment...
[03/Jan/2022:10:45:25] (S): Attachment inserted
[03/Jan/2022:10:45:25] (S): Processed attachment.
[03/Jan/2022:10:45:25] (P): Processing attachment: https://s33834.pcdn.co/web-agency-gb/wp-content/uploads/sites/422/2020/01/neve-web-design-bg-12.jpg...
[03/Jan/2022:10:45:25] (P): Fetching attachment from url: https://s33834.pcdn.co/web-agency-gb/wp-content/uploads/sites/422/2020/01/neve-web-design-bg-12.jpg...
[03/Jan/2022:10:45:26] (S): Fetched remote attachment.
[03/Jan/2022:10:45:26] (P): Inserting attachment...
[03/Jan/2022:10:45:26] (S): Attachment inserted
[03/Jan/2022:10:45:26] (S): Processed attachment.
[03/Jan/2022:10:45:26] (P): Processing attachment: https://s33834.pcdn.co/web-agency-gb/wp-content/uploads/sites/422/2020/01/neve-web-design-bg-13.jpg...
[03/Jan/2022:10:45:26] (P): Fetching attachment from url: https://s33834.pcdn.co/web-agency-gb/wp-content/uploads/sites/422/2020/01/neve-web-design-bg-13.jpg...
[03/Jan/2022:10:45:27] (S): Fetched remote attachment.
[03/Jan/2022:10:45:27] (P): Inserting attachment...
[03/Jan/2022:10:45:27] (S): Attachment inserted
[03/Jan/2022:10:45:27] (S): Processed attachment.
[03/Jan/2022:10:45:27] (P): Processing attachment: https://s33834.pcdn.co/web-agency-gb/wp-content/uploads/sites/422/2020/01/neve-web-design-bg-14.jpg...
[03/Jan/2022:10:45:27] (P): Fetching attachment from url: https://s33834.pcdn.co/web-agency-gb/wp-content/uploads/sites/422/2020/01/neve-web-design-bg-14.jpg...
[03/Jan/2022:10:45:28] (S): Fetched remote attachment.
[03/Jan/2022:10:45:28] (P): Inserting attachment...
[03/Jan/2022:10:45:28] (S): Attachment inserted
[03/Jan/2022:10:45:28] (S): Processed attachment.
[03/Jan/2022:10:45:28] (P): Processing attachment: https://s33834.pcdn.co/web-agency-gb/wp-content/uploads/sites/422/2020/01/neve-web-design-bg-15.jpg...
[03/Jan/2022:10:45:28] (P): Fetching attachment from url: https://s33834.pcdn.co/web-agency-gb/wp-content/uploads/sites/422/2020/01/neve-web-design-bg-15.jpg...
[03/Jan/2022:10:45:28] (S): Fetched remote attachment.
[03/Jan/2022:10:45:28] (P): Inserting attachment...
[03/Jan/2022:10:45:28] (S): Attachment inserted
[03/Jan/2022:10:45:28] (S): Processed attachment.
[03/Jan/2022:10:45:28] (P): Processing attachment: https://s33834.pcdn.co/web-agency-gb/wp-content/uploads/sites/422/2020/06/cropped-web-agency-icon.png...
[03/Jan/2022:10:45:28] (P): Fetching attachment from url: https://s33834.pcdn.co/web-agency-gb/wp-content/uploads/sites/422/2020/06/cropped-web-agency-icon.png...
[03/Jan/2022:10:45:29] (S): Fetched remote attachment.
[03/Jan/2022:10:45:29] (P): Inserting attachment...
[03/Jan/2022:10:45:29] (S): Attachment inserted
[03/Jan/2022:10:45:29] (S): Processed attachment.
[03/Jan/2022:10:45:29] (P): Processing attachment: https://s33834.pcdn.co/web-agency-gb/wp-content/uploads/sites/422/2020/07/web-design-studio-01.jpg.jpg...
[03/Jan/2022:10:45:29] (P): Fetching attachment from url: https://s33834.pcdn.co/web-agency-gb/wp-content/uploads/sites/422/2020/07/web-design-studio-01.jpg.jpg...
[03/Jan/2022:10:45:31] (S): Fetched remote attachment.
[03/Jan/2022:10:45:31] (P): Inserting attachment...
[03/Jan/2022:10:45:31] (S): Attachment inserted
[03/Jan/2022:10:45:31] (S): Processed attachment.
[03/Jan/2022:10:45:31] (P): Processing attachment: https://s33834.pcdn.co/web-agency-gb/wp-content/uploads/sites/422/2020/12/web-agency-logo-3.png...
[03/Jan/2022:10:45:31] (P): Fetching attachment from url: https://s33834.pcdn.co/web-agency-gb/wp-content/uploads/sites/422/2020/12/web-agency-logo-3.png...
[03/Jan/2022:10:45:31] (S): Fetched remote attachment.
[03/Jan/2022:10:45:31] (P): Inserting attachment...
[03/Jan/2022:10:45:31] (S): Attachment inserted
[03/Jan/2022:10:45:31] (S): Processed attachment.
[03/Jan/2022:10:45:31] (P): Processing attachment: https://s33834.pcdn.co/web-agency-gb/wp-content/uploads/sites/422/2020/12/neve-web-design-studio-02.1.jpg...
[03/Jan/2022:10:45:31] (P): Fetching attachment from url: https://s33834.pcdn.co/web-agency-gb/wp-content/uploads/sites/422/2020/12/neve-web-design-studio-02.1.jpg...
[03/Jan/2022:10:45:31] (S): Fetched remote attachment.
[03/Jan/2022:10:45:31] (P): Inserting attachment...
[03/Jan/2022:10:45:31] (S): Attachment inserted
[03/Jan/2022:10:45:31] (S): Processed attachment.
[03/Jan/2022:10:45:31] (P): Processing attachment: https://s33834.pcdn.co/web-agency-gb/wp-content/uploads/sites/422/2020/12/neve-web-design-studio-03.1.jpg...
[03/Jan/2022:10:45:31] (P): Fetching attachment from url: https://s33834.pcdn.co/web-agency-gb/wp-content/uploads/sites/422/2020/12/neve-web-design-studio-03.1.jpg...
[03/Jan/2022:10:45:32] (S): Fetched remote attachment.
[03/Jan/2022:10:45:32] (P): Inserting attachment...
[03/Jan/2022:10:45:32] (S): Attachment inserted
[03/Jan/2022:10:45:32] (S): Processed attachment.
[03/Jan/2022:10:45:32] (P): Processing attachment: https://s33834.pcdn.co/web-agency-gb/wp-content/uploads/sites/422/2020/12/neve-web-design-studio-04.1.jpg...
[03/Jan/2022:10:45:32] (P): Fetching attachment from url: https://s33834.pcdn.co/web-agency-gb/wp-content/uploads/sites/422/2020/12/neve-web-design-studio-04.1.jpg...
[03/Jan/2022:10:45:32] (S): Fetched remote attachment.
[03/Jan/2022:10:45:32] (P): Inserting attachment...
[03/Jan/2022:10:45:32] (S): Attachment inserted
[03/Jan/2022:10:45:32] (S): Processed attachment.
[03/Jan/2022:10:45:32] (P): Processing attachment: https://s33834.pcdn.co/web-agency-gb/wp-content/uploads/sites/422/2020/12/neve-web-design-studio-07.1.png...
[03/Jan/2022:10:45:32] (P): Fetching attachment from url: https://s33834.pcdn.co/web-agency-gb/wp-content/uploads/sites/422/2020/12/neve-web-design-studio-07.1.png...
[03/Jan/2022:10:45:33] (S): Fetched remote attachment.
[03/Jan/2022:10:45:33] (P): Inserting attachment...
[03/Jan/2022:10:45:33] (S): Attachment inserted
[03/Jan/2022:10:45:33] (S): Processed attachment.
[03/Jan/2022:10:45:33] (P): Processing attachment: https://s33834.pcdn.co/web-agency-gb/wp-content/uploads/sites/422/2021/06/phone-sm.png...
[03/Jan/2022:10:45:33] (P): Fetching attachment from url: https://s33834.pcdn.co/web-agency-gb/wp-content/uploads/sites/422/2021/06/phone-sm.png...
[03/Jan/2022:10:45:34] (S): Fetched remote attachment.
[03/Jan/2022:10:45:34] (P): Inserting attachment...
[03/Jan/2022:10:45:34] (S): Attachment inserted
[03/Jan/2022:10:45:34] (S): Processed attachment.
[03/Jan/2022:10:45:34] (P): Processing attachment: https://s33834.pcdn.co/web-agency-gb/wp-content/uploads/sites/422/2021/06/location-sm.png...
[03/Jan/2022:10:45:34] (P): Fetching attachment from url: https://s33834.pcdn.co/web-agency-gb/wp-content/uploads/sites/422/2021/06/location-sm.png...
[03/Jan/2022:10:45:34] (S): Fetched remote attachment.
[03/Jan/2022:10:45:34] (P): Inserting attachment...
[03/Jan/2022:10:45:34] (S): Attachment inserted
[03/Jan/2022:10:45:34] (S): Processed attachment.
[03/Jan/2022:10:45:34] (P): Inserting post: 5 UX Principles for Creating a Great Website .
[03/Jan/2022:10:45:34] (S): Done inserting post: 5 UX Principles for Creating a Great Website .
[03/Jan/2022:10:45:34] (P): Inserting page: News .
[03/Jan/2022:10:45:34] (S): Done inserting page: News .
[03/Jan/2022:10:45:34] (P): Inserting page: Home .
[03/Jan/2022:10:45:34] (S): Done inserting page: Home .
[03/Jan/2022:10:45:34] (P): Processing single menu item ' '...
[03/Jan/2022:10:45:34] (S): Processed single menu item.
[03/Jan/2022:10:45:34] (P): Processing single menu item ' '...
[03/Jan/2022:10:45:34] (S): Processed single menu item.
[03/Jan/2022:10:45:34] (P): Inserting post: Web Design Trends for 2022 .
[03/Jan/2022:10:45:34] (S): Done inserting post: Web Design Trends for 2022 .
[03/Jan/2022:10:45:34] (P): Inserting post: A Simple Guide to Design Thinking .
[03/Jan/2022:10:45:34] (S): Done inserting post: A Simple Guide to Design Thinking .
[03/Jan/2022:10:45:34] (P): Inserting page: About Us .
[03/Jan/2022:10:45:34] (S): Done inserting page: About Us .
[03/Jan/2022:10:45:34] (P): Processing single menu item ' '...
[03/Jan/2022:10:45:34] (S): Processed single menu item.
[03/Jan/2022:10:45:34] (P): Inserting page: Portfolio .
[03/Jan/2022:10:45:34] (S): Done inserting page: Portfolio .
[03/Jan/2022:10:45:34] (P): Inserting page: Portfolio Single .
[03/Jan/2022:10:45:34] (S): Done inserting page: Portfolio Single .
[03/Jan/2022:10:45:34] (P): Processing single menu item ' '...
[03/Jan/2022:10:45:34] (S): Processed single menu item.
[03/Jan/2022:10:45:34] (P): Processing single menu item ' '...
[03/Jan/2022:10:45:34] (S): Processed single menu item.
[03/Jan/2022:10:45:34] (P): Inserting page: Contact Us .
[03/Jan/2022:10:45:34] (S): Done inserting page: Contact Us .
[03/Jan/2022:10:45:34] (P): Processing single menu item ' '...
[03/Jan/2022:10:45:34] (S): Processed single menu item.
[03/Jan/2022:10:45:34] (P): Inserting custom_css: neve .
[03/Jan/2022:10:45:34] (S): Done inserting custom_css: neve .
[03/Jan/2022:10:45:34] (P): Processing attachment: https://s33834.pcdn.co/web-agency-gb/wp-content/uploads/sites/422/2021/06/email-sm.png...
[03/Jan/2022:10:45:34] (P): Fetching attachment from url: https://s33834.pcdn.co/web-agency-gb/wp-content/uploads/sites/422/2021/06/email-sm.png...
[03/Jan/2022:10:45:34] (S): Fetched remote attachment.
[03/Jan/2022:10:45:34] (P): Inserting attachment...
[03/Jan/2022:10:45:34] (S): Attachment inserted
[03/Jan/2022:10:45:34] (S): Processed attachment.
[03/Jan/2022:10:45:34] (P): Inserting post: Best Calligraphy Fonts for Logos .
[03/Jan/2022:10:45:34] (S): Done inserting post: Best Calligraphy Fonts for Logos .
[03/Jan/2022:10:45:34] (P): Inserting post: Knowing Your User. The importance of User Research. .
[03/Jan/2022:10:45:34] (S): Done inserting post: Knowing Your User. The importance of User Research. .
[03/Jan/2022:10:45:34] (P): Inserting post: What is the Progressive Web App (PWA) and how it works? .
[03/Jan/2022:10:45:34] (S): Done inserting post: What is the Progressive Web App (PWA) and how it works? .
[03/Jan/2022:10:45:34] (P): Inserting wp_block: 3 column section .
[03/Jan/2022:10:45:34] (S): Done inserting wp_block: 3 column section .
[03/Jan/2022:10:45:34] (P): Inserting wp_block: Team Social Icons .
[03/Jan/2022:10:45:34] (S): Done inserting wp_block: Team Social Icons .
[03/Jan/2022:10:45:34] (S): Processed posts.
[03/Jan/2022:10:45:35] (P): Cleaning up import with id ...
[03/Jan/2022:10:45:35] (P): Done cleanup. Flushing cache...
[03/Jan/2022:10:45:35] (P): Flushed cache. Removing temporary data..
[03/Jan/2022:10:45:35] (S): Done importing
[03/Jan/2022:10:45:35] (P): Busting elementor cache
[03/Jan/2022:10:45:35] (S): Front page set up with id: 308.
